SF:/Users/kylegoode/Git/Result/Ergo/AsyncResult.cs
FN:28,System.Runtime.CompilerServices.TaskAwaiter`1<Ergo.Result> Ergo.AsyncResult::GetAwaiter()
FNDA:50,System.Runtime.CompilerServices.TaskAwaiter`1<Ergo.Result> Ergo.AsyncResult::GetAwaiter()
DA:29,50
FN:31,Ergo.AsyncResult Ergo.AsyncResult::op_Implicit(System.Threading.Tasks.Task`1<Ergo.Result>)
FNDA:38,Ergo.AsyncResult Ergo.AsyncResult::op_Implicit(System.Threading.Tasks.Task`1<Ergo.Result>)
DA:32,38
DA:33,38
DA:34,38
FN:36,Ergo.AsyncResult Ergo.AsyncResult::op_Implicit(Ergo.Result)
FNDA:24,Ergo.AsyncResult Ergo.AsyncResult::op_Implicit(Ergo.Result)
DA:37,24
DA:38,24
DA:39,24
FN:41,System.Threading.Tasks.Task`1<Ergo.Result> Ergo.AsyncResult::op_Implicit(Ergo.AsyncResult)
FNDA:5,System.Threading.Tasks.Task`1<Ergo.Result> Ergo.AsyncResult::op_Implicit(Ergo.AsyncResult)
DA:42,5
DA:43,5
DA:44,5
FN:45,System.Threading.Tasks.Task`1<Ergo.Result> Ergo.AsyncResult::GetTaskResult()
FNDA:7,System.Threading.Tasks.Task`1<Ergo.Result> Ergo.AsyncResult::GetTaskResult()
DA:46,7
FN:48,System.Threading.Tasks.Task`1<Ergo.Result> Ergo.AsyncResult::ToTask()
FNDA:5,System.Threading.Tasks.Task`1<Ergo.Result> Ergo.AsyncResult::ToTask()
DA:49,5
DA:50,5
DA:51,5
FN:52,Ergo.AsyncResult Ergo.AsyncResult::OnSuccess(System.Func`1<System.Threading.Tasks.Task`1<Ergo.Result>>)
FNDA:2,Ergo.AsyncResult Ergo.AsyncResult::OnSuccess(System.Func`1<System.Threading.Tasks.Task`1<Ergo.Result>>)
DA:53,2
FN:63,Ergo.AsyncResult`1<TOut> Ergo.AsyncResult::OnSuccess(System.Func`1<System.Threading.Tasks.Task`1<Ergo.Result`1<TOut>>>)
FNDA:2,Ergo.AsyncResult`1<TOut> Ergo.AsyncResult::OnSuccess(System.Func`1<System.Threading.Tasks.Task`1<Ergo.Result`1<TOut>>>)
DA:64,2
FN:75,Ergo.AsyncResult Ergo.AsyncResult::OnSuccess(System.Func`1<Ergo.Result>)
FNDA:5,Ergo.AsyncResult Ergo.AsyncResult::OnSuccess(System.Func`1<Ergo.Result>)
DA:76,5
FN:86,Ergo.AsyncResult`1<TOut> Ergo.AsyncResult::OnSuccess(System.Func`1<Ergo.Result`1<TOut>>)
FNDA:2,Ergo.AsyncResult`1<TOut> Ergo.AsyncResult::OnSuccess(System.Func`1<Ergo.Result`1<TOut>>)
DA:87,2
FN:98,Ergo.AsyncResult Ergo.AsyncResult::OnFailure(System.Func`1<System.Threading.Tasks.Task`1<Ergo.Result>>)
FNDA:2,Ergo.AsyncResult Ergo.AsyncResult::OnFailure(System.Func`1<System.Threading.Tasks.Task`1<Ergo.Result>>)
DA:99,2
FN:109,Ergo.AsyncResult`1<TOut> Ergo.AsyncResult::OnFailure(System.Func`1<System.Threading.Tasks.Task`1<Ergo.Result`1<TOut>>>)
FNDA:2,Ergo.AsyncResult`1<TOut> Ergo.AsyncResult::OnFailure(System.Func`1<System.Threading.Tasks.Task`1<Ergo.Result`1<TOut>>>)
DA:110,2
FN:121,Ergo.AsyncResult Ergo.AsyncResult::OnFailure(System.Func`1<Ergo.Result>)
FNDA:6,Ergo.AsyncResult Ergo.AsyncResult::OnFailure(System.Func`1<Ergo.Result>)
DA:122,6
FN:132,Ergo.AsyncResult`1<TOut> Ergo.AsyncResult::OnFailure(System.Func`1<Ergo.Result`1<TOut>>)
FNDA:2,Ergo.AsyncResult`1<TOut> Ergo.AsyncResult::OnFailure(System.Func`1<Ergo.Result`1<TOut>>)
DA:133,2
FN:18,System.Void Ergo.AsyncResult::.ctor(System.Threading.Tasks.Task`1<Ergo.Result>)
FNDA:63,System.Void Ergo.AsyncResult::.ctor(System.Threading.Tasks.Task`1<Ergo.Result>)
DA:19,63
DA:20,63
DA:21,63
DA:22,1
DA:23,1
DA:26,62
DA:27,62
BRDA:21,14,0,1
BRDA:21,14,1,62
FN:54,System.Void Ergo.AsyncResult/<OnSuccessA>d__9::MoveNext()
FNDA:2,System.Void Ergo.AsyncResult/<OnSuccessA>d__9::MoveNext()
DA:55,2
DA:56,2
DA:58,2
DA:59,1
DA:61,1
DA:62,2
BRDA:58,161,0,1
BRDA:58,161,1,1
FN:65,System.Void Ergo.AsyncResult/<OnSuccessA>d__11`1::MoveNext()
FNDA:2,System.Void Ergo.AsyncResult/<OnSuccessA>d__11`1::MoveNext()
DA:66,2
DA:67,2
DA:69,2
DA:70,1
DA:72,1
DA:73,1
DA:74,2
BRDA:69,161,0,1
BRDA:69,161,1,1
BRDA:72,293,0,1
BRDA:72,293,1,1
FN:77,System.Void Ergo.AsyncResult/<OnSuccessA>d__13::MoveNext()
FNDA:5,System.Void Ergo.AsyncResult/<OnSuccessA>d__13::MoveNext()
DA:78,5
DA:79,5
DA:81,5
DA:82,4
DA:84,1
DA:85,5
BRDA:81,161,0,4
BRDA:81,161,1,1
FN:88,System.Void Ergo.AsyncResult/<OnSuccessA>d__15`1::MoveNext()
FNDA:2,System.Void Ergo.AsyncResult/<OnSuccessA>d__15`1::MoveNext()
DA:89,2
DA:90,2
DA:92,2
DA:93,1
DA:95,1
DA:96,1
DA:97,2
BRDA:92,161,0,1
BRDA:92,161,1,1
BRDA:95,298,0,1
BRDA:95,298,1,1
FN:100,System.Void Ergo.AsyncResult/<OnFailureA>d__17::MoveNext()
FNDA:2,System.Void Ergo.AsyncResult/<OnFailureA>d__17::MoveNext()
DA:101,2
DA:102,2
DA:104,2
DA:105,1
DA:107,1
DA:108,2
BRDA:104,161,0,1
BRDA:104,161,1,1
FN:111,System.Void Ergo.AsyncResult/<OnFailureA>d__19`1::MoveNext()
FNDA:2,System.Void Ergo.AsyncResult/<OnFailureA>d__19`1::MoveNext()
DA:112,2
DA:113,2
DA:115,2
DA:116,1
DA:118,1
DA:119,1
DA:120,2
BRDA:115,161,0,1
BRDA:115,161,1,1
BRDA:118,293,0,1
BRDA:118,293,1,1
FN:123,System.Void Ergo.AsyncResult/<OnFailureA>d__21::MoveNext()
FNDA:6,System.Void Ergo.AsyncResult/<OnFailureA>d__21::MoveNext()
DA:124,6
DA:125,6
DA:127,6
DA:128,5
DA:130,1
DA:131,6
BRDA:127,161,0,5
BRDA:127,161,1,1
FN:134,System.Void Ergo.AsyncResult/<OnFailureA>d__23`1::MoveNext()
FNDA:2,System.Void Ergo.AsyncResult/<OnFailureA>d__23`1::MoveNext()
DA:135,2
DA:136,2
DA:138,2
DA:139,1
DA:141,1
DA:142,1
DA:143,2
BRDA:138,161,0,1
BRDA:138,161,1,1
BRDA:141,298,0,1
BRDA:141,298,1,1
LF:81
LH:81
BRF:26
BRH:26
FNF:23
FNH:23
end_of_record
SF:/Users/kylegoode/Git/Result/Ergo/AsyncResultBase.cs
FN:10,Ergo.AsyncResult Ergo.AsyncResultBase::op_Addition(Ergo.AsyncResultBase,Ergo.AsyncResultBase)
FNDA:1,Ergo.AsyncResult Ergo.AsyncResultBase::op_Addition(Ergo.AsyncResultBase,Ergo.AsyncResultBase)
DA:11,1
FN:13,Ergo.AsyncResult Ergo.AsyncResultBase::op_Addition(Ergo.AsyncResultBase,Ergo.Result)
FNDA:1,Ergo.AsyncResult Ergo.AsyncResultBase::op_Addition(Ergo.AsyncResultBase,Ergo.Result)
DA:14,1
FN:15,Ergo.AsyncResult Ergo.AsyncResultBase::Join(Ergo.AsyncResultBase,Ergo.AsyncResultBase)
FNDA:5,Ergo.AsyncResult Ergo.AsyncResultBase::Join(Ergo.AsyncResultBase,Ergo.AsyncResultBase)
DA:16,5
FN:26,Ergo.AsyncResult Ergo.AsyncResultBase::Join(Ergo.AsyncResultBase,Ergo.Result)
FNDA:1,Ergo.AsyncResult Ergo.AsyncResultBase::Join(Ergo.AsyncResultBase,Ergo.Result)
DA:27,1
FN:17,System.Void Ergo.AsyncResultBase/<JoinA>d__4::MoveNext()
FNDA:5,System.Void Ergo.AsyncResultBase/<JoinA>d__4::MoveNext()
DA:18,5
DA:19,5
DA:20,5
DA:22,5
DA:23,5
DA:24,5
DA:25,5
BRDA:23,324,0,1
BRDA:23,324,1,4
FN:28,System.Void Ergo.AsyncResultBase/<JoinA>d__6::MoveNext()
FNDA:1,System.Void Ergo.AsyncResultBase/<JoinA>d__6::MoveNext()
DA:29,1
DA:30,1
DA:31,1
DA:32,1
LF:15
LH:15
BRF:2
BRH:2
FNF:6
FNH:6
end_of_record
SF:/Users/kylegoode/Git/Result/Ergo/AsyncResultOfT.cs
FN:26,System.Runtime.CompilerServices.TaskAwaiter`1<Ergo.Result`1<T>> Ergo.AsyncResult`1::GetAwaiter()
FNDA:53,System.Runtime.CompilerServices.TaskAwaiter`1<Ergo.Result`1<T>> Ergo.AsyncResult`1::GetAwaiter()
DA:27,53
FN:29,Ergo.AsyncResult`1<T> Ergo.AsyncResult`1::op_Implicit(System.Threading.Tasks.Task`1<Ergo.Result`1<T>>)
FNDA:27,Ergo.AsyncResult`1<T> Ergo.AsyncResult`1::op_Implicit(System.Threading.Tasks.Task`1<Ergo.Result`1<T>>)
DA:30,27
DA:31,27
DA:32,27
FN:34,Ergo.AsyncResult`1<T> Ergo.AsyncResult`1::op_Implicit(Ergo.Result`1<T>)
FNDA:30,Ergo.AsyncResult`1<T> Ergo.AsyncResult`1::op_Implicit(Ergo.Result`1<T>)
DA:35,30
DA:36,30
DA:37,30
FN:39,Ergo.AsyncResult`1<T> Ergo.AsyncResult`1::op_Implicit(T)
FNDA:1,Ergo.AsyncResult`1<T> Ergo.AsyncResult`1::op_Implicit(T)
DA:40,1
DA:41,1
DA:42,1
FN:44,System.Threading.Tasks.Task`1<Ergo.Result`1<T>> Ergo.AsyncResult`1::op_Implicit(Ergo.AsyncResult`1<T>)
FNDA:1,System.Threading.Tasks.Task`1<Ergo.Result`1<T>> Ergo.AsyncResult`1::op_Implicit(Ergo.AsyncResult`1<T>)
DA:45,1
DA:46,1
DA:47,1
FN:51,System.Threading.Tasks.Task`1<Ergo.Result`1<T>> Ergo.AsyncResult`1::ToTask()
FNDA:1,System.Threading.Tasks.Task`1<Ergo.Result`1<T>> Ergo.AsyncResult`1::ToTask()
DA:52,1
DA:53,1
DA:54,1
FN:55,Ergo.AsyncResult`1<TOut> Ergo.AsyncResult`1::OnSuccess(System.Func`2<T,System.Threading.Tasks.Task`1<Ergo.Result`1<TOut>>>)
FNDA:3,Ergo.AsyncResult`1<TOut> Ergo.AsyncResult`1::OnSuccess(System.Func`2<T,System.Threading.Tasks.Task`1<Ergo.Result`1<TOut>>>)
DA:56,3
FN:67,Ergo.AsyncResult Ergo.AsyncResult`1::OnSuccess(System.Func`2<T,System.Threading.Tasks.Task`1<Ergo.Result>>)
FNDA:2,Ergo.AsyncResult Ergo.AsyncResult`1::OnSuccess(System.Func`2<T,System.Threading.Tasks.Task`1<Ergo.Result>>)
DA:68,2
FN:78,Ergo.AsyncResult`1<TOut> Ergo.AsyncResult`1::OnSuccess(System.Func`2<T,Ergo.Result`1<TOut>>)
FNDA:3,Ergo.AsyncResult`1<TOut> Ergo.AsyncResult`1::OnSuccess(System.Func`2<T,Ergo.Result`1<TOut>>)
DA:79,3
FN:90,Ergo.AsyncResult Ergo.AsyncResult`1::OnSuccess(System.Func`2<T,Ergo.Result>)
FNDA:3,Ergo.AsyncResult Ergo.AsyncResult`1::OnSuccess(System.Func`2<T,Ergo.Result>)
DA:91,3
FN:101,Ergo.AsyncResult`1<TOut> Ergo.AsyncResult`1::OnFailure(System.Func`2<T,System.Threading.Tasks.Task`1<Ergo.Result`1<TOut>>>)
FNDA:3,Ergo.AsyncResult`1<TOut> Ergo.AsyncResult`1::OnFailure(System.Func`2<T,System.Threading.Tasks.Task`1<Ergo.Result`1<TOut>>>)
DA:102,3
FN:113,Ergo.AsyncResult Ergo.AsyncResult`1::OnFailure(System.Func`2<T,System.Threading.Tasks.Task`1<Ergo.Result>>)
FNDA:2,Ergo.AsyncResult Ergo.AsyncResult`1::OnFailure(System.Func`2<T,System.Threading.Tasks.Task`1<Ergo.Result>>)
DA:114,2
FN:124,Ergo.AsyncResult`1<TOut> Ergo.AsyncResult`1::OnFailure(System.Func`2<T,Ergo.Result`1<TOut>>)
FNDA:3,Ergo.AsyncResult`1<TOut> Ergo.AsyncResult`1::OnFailure(System.Func`2<T,Ergo.Result`1<TOut>>)
DA:125,3
FN:136,Ergo.AsyncResult Ergo.AsyncResult`1::OnFailure(System.Func`2<T,Ergo.Result>)
FNDA:3,Ergo.AsyncResult Ergo.AsyncResult`1::OnFailure(System.Func`2<T,Ergo.Result>)
DA:137,3
FN:16,System.Void Ergo.AsyncResult`1::.ctor(System.Threading.Tasks.Task`1<Ergo.Result`1<T>>)
FNDA:59,System.Void Ergo.AsyncResult`1::.ctor(System.Threading.Tasks.Task`1<Ergo.Result`1<T>>)
DA:17,59
DA:18,59
DA:19,59
DA:20,1
DA:21,1
DA:24,58
DA:25,58
BRDA:19,14,0,1
BRDA:19,14,1,58
FN:48,System.Void Ergo.AsyncResult`1/<GetTaskResult>d__7::MoveNext()
FNDA:4,System.Void Ergo.AsyncResult`1/<GetTaskResult>d__7::MoveNext()
DA:49,4
FN:57,System.Void Ergo.AsyncResult`1/<OnSuccessA>d__10`1::MoveNext()
FNDA:3,System.Void Ergo.AsyncResult`1/<OnSuccessA>d__10`1::MoveNext()
DA:58,3
DA:59,3
DA:61,3
DA:62,1
DA:64,2
DA:65,2
DA:66,3
BRDA:61,161,0,1
BRDA:61,161,1,2
BRDA:64,307,0,1
BRDA:64,307,1,2
FN:69,System.Void Ergo.AsyncResult`1/<OnSuccessA>d__12::MoveNext()
FNDA:2,System.Void Ergo.AsyncResult`1/<OnSuccessA>d__12::MoveNext()
DA:70,2
DA:71,2
DA:73,2
DA:74,1
DA:76,1
DA:77,2
BRDA:73,161,0,1
BRDA:73,161,1,1
FN:80,System.Void Ergo.AsyncResult`1/<OnSuccessA>d__14`1::MoveNext()
FNDA:3,System.Void Ergo.AsyncResult`1/<OnSuccessA>d__14`1::MoveNext()
DA:81,3
DA:82,3
DA:84,3
DA:85,1
DA:87,2
DA:88,2
DA:89,3
BRDA:84,150,0,1
BRDA:84,150,1,2
BRDA:87,189,0,1
BRDA:87,189,1,2
FN:92,System.Void Ergo.AsyncResult`1/<OnSuccessA>d__16::MoveNext()
FNDA:3,System.Void Ergo.AsyncResult`1/<OnSuccessA>d__16::MoveNext()
DA:93,3
DA:94,3
DA:96,3
DA:97,2
DA:99,1
DA:100,3
BRDA:96,150,0,2
BRDA:96,150,1,1
FN:103,System.Void Ergo.AsyncResult`1/<OnFailureA>d__18`1::MoveNext()
FNDA:3,System.Void Ergo.AsyncResult`1/<OnFailureA>d__18`1::MoveNext()
DA:104,3
DA:105,3
DA:107,3
DA:108,1
DA:110,2
DA:111,2
DA:112,3
BRDA:107,161,0,1
BRDA:107,161,1,2
BRDA:110,307,0,1
BRDA:110,307,1,2
FN:115,System.Void Ergo.AsyncResult`1/<OnFailureA>d__20::MoveNext()
FNDA:2,System.Void Ergo.AsyncResult`1/<OnFailureA>d__20::MoveNext()
DA:116,2
DA:117,2
DA:119,2
DA:120,1
DA:122,1
DA:123,2
BRDA:119,161,0,1
BRDA:119,161,1,1
FN:126,System.Void Ergo.AsyncResult`1/<OnFailureA>d__22`1::MoveNext()
FNDA:3,System.Void Ergo.AsyncResult`1/<OnFailureA>d__22`1::MoveNext()
DA:127,3
DA:128,3
DA:130,3
DA:131,1
DA:133,2
DA:134,2
DA:135,3
BRDA:130,150,0,1
BRDA:130,150,1,2
BRDA:133,189,0,1
BRDA:133,189,1,2
FN:138,System.Void Ergo.AsyncResult`1/<OnFailureA>d__24::MoveNext()
FNDA:3,System.Void Ergo.AsyncResult`1/<OnFailureA>d__24::MoveNext()
DA:139,3
DA:140,3
DA:142,3
DA:143,2
DA:145,1
DA:146,3
BRDA:142,150,0,2
BRDA:142,150,1,1
LF:84
LH:84
BRF:26
BRH:26
FNF:24
FNH:24
end_of_record
SF:/Users/kylegoode/Git/Result/Ergo/Result.cs
FN:13,System.Boolean Ergo.Result::get_IsSuccessful()
FNDA:397,System.Boolean Ergo.Result::get_IsSuccessful()
DA:14,397
FN:14,System.Boolean Ergo.Result::get_IsFailure()
FNDA:82,System.Boolean Ergo.Result::get_IsFailure()
DA:15,82
FN:15,System.Collections.Generic.IEnumerable`1<System.String> Ergo.Result::get_Messages()
FNDA:244,System.Collections.Generic.IEnumerable`1<System.String> Ergo.Result::get_Messages()
DA:16,244
FN:24,Ergo.Result Ergo.Result::Success()
FNDA:45,Ergo.Result Ergo.Result::Success()
DA:25,45
DA:26,45
DA:27,45
FN:29,Ergo.Result`1<TValue> Ergo.Result::Success(TValue)
FNDA:38,Ergo.Result`1<TValue> Ergo.Result::Success(TValue)
DA:30,38
DA:31,38
DA:32,38
FN:34,Ergo.Result Ergo.Result::Failure(System.String)
FNDA:1,Ergo.Result Ergo.Result::Failure(System.String)
DA:35,1
DA:36,1
DA:37,1
DA:38,1
FN:40,Ergo.Result Ergo.Result::Failure(System.String[])
FNDA:8,Ergo.Result Ergo.Result::Failure(System.String[])
DA:41,8
DA:42,8
DA:43,8
FN:45,Ergo.Result Ergo.Result::Failure()
FNDA:34,Ergo.Result Ergo.Result::Failure()
DA:46,34
DA:47,34
DA:48,34
FN:50,Ergo.Result`1<TOut> Ergo.Result::Failure(System.String)
FNDA:6,Ergo.Result`1<TOut> Ergo.Result::Failure(System.String)
DA:51,6
DA:52,6
DA:53,6
DA:54,6
FN:56,Ergo.Result`1<TOut> Ergo.Result::Failure(System.String[])
FNDA:8,Ergo.Result`1<TOut> Ergo.Result::Failure(System.String[])
DA:57,8
DA:58,8
DA:59,8
FN:61,Ergo.Result`1<TOut> Ergo.Result::Failure()
FNDA:25,Ergo.Result`1<TOut> Ergo.Result::Failure()
DA:62,25
DA:63,25
DA:64,25
FN:66,Ergo.Result Ergo.Result::OnSuccess(System.Func`1<Ergo.Result>)
FNDA:6,Ergo.Result Ergo.Result::OnSuccess(System.Func`1<Ergo.Result>)
DA:67,6
DA:68,6
DA:69,5
DA:71,1
DA:72,6
BRDA:68,9,0,5
BRDA:68,9,1,1
FN:74,Ergo.Result`1<TOut> Ergo.Result::OnSuccess(System.Func`1<Ergo.Result`1<TOut>>)
FNDA:2,Ergo.Result`1<TOut> Ergo.Result::OnSuccess(System.Func`1<Ergo.Result`1<TOut>>)
DA:75,2
DA:76,2
DA:77,1
DA:79,1
DA:80,1
DA:81,2
BRDA:76,9,0,1
BRDA:76,9,1,1
BRDA:79,27,0,1
BRDA:79,27,1,1
FN:83,Ergo.AsyncResult`1<TOut> Ergo.Result::OnSuccess(System.Func`1<System.Threading.Tasks.Task`1<Ergo.Result`1<TOut>>>)
FNDA:2,Ergo.AsyncResult`1<TOut> Ergo.Result::OnSuccess(System.Func`1<System.Threading.Tasks.Task`1<Ergo.Result`1<TOut>>>)
DA:84,2
DA:85,2
DA:86,1
DA:88,1
DA:89,1
DA:90,2
BRDA:85,9,0,1
BRDA:85,9,1,1
BRDA:88,32,0,1
BRDA:88,32,1,1
FN:92,Ergo.AsyncResult Ergo.Result::OnSuccess(System.Func`1<System.Threading.Tasks.Task`1<Ergo.Result>>)
FNDA:2,Ergo.AsyncResult Ergo.Result::OnSuccess(System.Func`1<System.Threading.Tasks.Task`1<Ergo.Result>>)
DA:93,2
DA:94,2
DA:95,1
DA:97,1
DA:98,2
BRDA:94,9,0,1
BRDA:94,9,1,1
FN:100,Ergo.Result Ergo.Result::OnFailure(System.Func`1<Ergo.Result>)
FNDA:6,Ergo.Result Ergo.Result::OnFailure(System.Func`1<Ergo.Result>)
DA:101,6
DA:102,6
DA:103,5
DA:105,1
DA:106,6
BRDA:102,9,0,5
BRDA:102,9,1,1
FN:108,Ergo.Result`1<TOut> Ergo.Result::OnFailure(System.Func`1<Ergo.Result`1<TOut>>)
FNDA:2,Ergo.Result`1<TOut> Ergo.Result::OnFailure(System.Func`1<Ergo.Result`1<TOut>>)
DA:109,2
DA:110,2
DA:111,1
DA:113,1
DA:114,1
DA:115,2
BRDA:110,9,0,1
BRDA:110,9,1,1
BRDA:113,27,0,1
BRDA:113,27,1,1
FN:117,Ergo.AsyncResult`1<TOut> Ergo.Result::OnFailure(System.Func`1<System.Threading.Tasks.Task`1<Ergo.Result`1<TOut>>>)
FNDA:2,Ergo.AsyncResult`1<TOut> Ergo.Result::OnFailure(System.Func`1<System.Threading.Tasks.Task`1<Ergo.Result`1<TOut>>>)
DA:118,2
DA:119,2
DA:120,1
DA:122,1
DA:123,1
DA:124,2
BRDA:119,9,0,1
BRDA:119,9,1,1
BRDA:122,32,0,1
BRDA:122,32,1,1
FN:126,Ergo.AsyncResult Ergo.Result::OnFailure(System.Func`1<System.Threading.Tasks.Task`1<Ergo.Result>>)
FNDA:2,Ergo.AsyncResult Ergo.Result::OnFailure(System.Func`1<System.Threading.Tasks.Task`1<Ergo.Result>>)
DA:127,2
DA:128,2
DA:129,1
DA:131,1
DA:132,2
BRDA:128,9,0,1
BRDA:128,9,1,1
FN:133,Ergo.Result Ergo.Result::op_Addition(Ergo.Result,Ergo.Result)
FNDA:8,Ergo.Result Ergo.Result::op_Addition(Ergo.Result,Ergo.Result)
DA:134,8
FN:136,System.Threading.Tasks.Task`1<Ergo.Result> Ergo.Result::op_Addition(Ergo.Result,System.Threading.Tasks.Task`1<Ergo.Result>)
FNDA:2,System.Threading.Tasks.Task`1<Ergo.Result> Ergo.Result::op_Addition(Ergo.Result,System.Threading.Tasks.Task`1<Ergo.Result>)
DA:137,2
FN:139,Ergo.Result Ergo.Result::Join(Ergo.Result[])
FNDA:10,Ergo.Result Ergo.Result::Join(Ergo.Result[])
DA:140,10
DA:141,14
DA:142,25
DA:143,10
DA:144,10
FN:146,Ergo.Result Ergo.Result::Join(Ergo.Result)
FNDA:1,Ergo.Result Ergo.Result::Join(Ergo.Result)
DA:147,1
FN:17,System.Void Ergo.Result::.ctor(System.Collections.Generic.IEnumerable`1<System.String>,System.Boolean)
FNDA:197,System.Void Ergo.Result::.ctor(System.Collections.Generic.IEnumerable`1<System.String>,System.Boolean)
DA:18,197
DA:19,197
DA:20,197
DA:21,197
DA:22,197
BRDA:21,19,0,143
BRDA:21,19,1,197
LF:86
LH:86
BRF:26
BRH:26
FNF:24
FNH:24
end_of_record
SF:/Users/kylegoode/Git/Result/Ergo/ResultOfT.cs
FN:13,T Ergo.Result`1::get_Value()
FNDA:144,T Ergo.Result`1::get_Value()
DA:14,144
FN:22,Ergo.Result`1<T> Ergo.Result`1::op_Implicit(T)
FNDA:1,Ergo.Result`1<T> Ergo.Result`1::op_Implicit(T)
DA:23,1
DA:24,1
DA:25,1
FN:27,System.Threading.Tasks.Task`1<Ergo.Result> Ergo.Result`1::op_Addition(Ergo.Result`1<T>,System.Threading.Tasks.Task`1<Ergo.Result`1<T>>)
FNDA:2,System.Threading.Tasks.Task`1<Ergo.Result> Ergo.Result`1::op_Addition(Ergo.Result`1<T>,System.Threading.Tasks.Task`1<Ergo.Result`1<T>>)
DA:28,2
FN:30,Ergo.Result Ergo.Result`1::OnSuccess(System.Func`2<T,Ergo.Result>)
FNDA:2,Ergo.Result Ergo.Result`1::OnSuccess(System.Func`2<T,Ergo.Result>)
DA:31,2
DA:32,2
DA:33,1
DA:35,1
DA:36,2
BRDA:32,9,0,1
BRDA:32,9,1,1
FN:38,Ergo.Result`1<TOut> Ergo.Result`1::OnSuccess(System.Func`2<T,Ergo.Result`1<TOut>>)
FNDA:3,Ergo.Result`1<TOut> Ergo.Result`1::OnSuccess(System.Func`2<T,Ergo.Result`1<TOut>>)
DA:39,3
DA:40,3
DA:41,1
DA:43,2
DA:44,2
DA:45,3
BRDA:40,9,0,1
BRDA:40,9,1,2
BRDA:43,33,0,1
BRDA:43,33,1,2
FN:47,Ergo.AsyncResult`1<TOut> Ergo.Result`1::OnSuccess(System.Func`2<T,System.Threading.Tasks.Task`1<Ergo.Result`1<TOut>>>)
FNDA:3,Ergo.AsyncResult`1<TOut> Ergo.Result`1::OnSuccess(System.Func`2<T,System.Threading.Tasks.Task`1<Ergo.Result`1<TOut>>>)
DA:48,3
DA:49,3
DA:50,1
DA:52,2
DA:53,2
DA:54,3
BRDA:49,9,0,1
BRDA:49,9,1,2
BRDA:52,38,0,1
BRDA:52,38,1,2
FN:56,Ergo.AsyncResult Ergo.Result`1::OnSuccess(System.Func`2<T,System.Threading.Tasks.Task`1<Ergo.Result>>)
FNDA:2,Ergo.AsyncResult Ergo.Result`1::OnSuccess(System.Func`2<T,System.Threading.Tasks.Task`1<Ergo.Result>>)
DA:57,2
DA:58,2
DA:59,1
DA:61,1
DA:62,2
BRDA:58,9,0,1
BRDA:58,9,1,1
FN:64,Ergo.Result Ergo.Result`1::OnFailure(System.Func`2<T,Ergo.Result>)
FNDA:3,Ergo.Result Ergo.Result`1::OnFailure(System.Func`2<T,Ergo.Result>)
DA:65,3
DA:66,3
DA:67,2
DA:69,1
DA:70,3
BRDA:66,9,0,2
BRDA:66,9,1,1
FN:72,Ergo.Result`1<TOut> Ergo.Result`1::OnFailure(System.Func`2<T,Ergo.Result`1<TOut>>)
FNDA:3,Ergo.Result`1<TOut> Ergo.Result`1::OnFailure(System.Func`2<T,Ergo.Result`1<TOut>>)
DA:73,3
DA:74,3
DA:75,1
DA:77,2
DA:78,2
DA:79,3
BRDA:74,9,0,1
BRDA:74,9,1,2
BRDA:77,33,0,1
BRDA:77,33,1,2
FN:81,Ergo.AsyncResult`1<TOut> Ergo.Result`1::OnFailure(System.Func`2<T,System.Threading.Tasks.Task`1<Ergo.Result`1<TOut>>>)
FNDA:3,Ergo.AsyncResult`1<TOut> Ergo.Result`1::OnFailure(System.Func`2<T,System.Threading.Tasks.Task`1<Ergo.Result`1<TOut>>>)
DA:82,3
DA:83,3
DA:84,1
DA:86,2
DA:87,2
DA:88,3
BRDA:83,9,0,1
BRDA:83,9,1,2
BRDA:86,38,0,1
BRDA:86,38,1,2
FN:90,Ergo.AsyncResult Ergo.Result`1::OnFailure(System.Func`2<T,System.Threading.Tasks.Task`1<Ergo.Result>>)
FNDA:2,Ergo.AsyncResult Ergo.Result`1::OnFailure(System.Func`2<T,System.Threading.Tasks.Task`1<Ergo.Result>>)
DA:91,2
DA:92,2
DA:93,1
DA:95,1
DA:96,2
BRDA:92,9,0,1
BRDA:92,9,1,1
FN:16,System.Void Ergo.Result`1::.ctor(T,System.Collections.Generic.IEnumerable`1<System.String>,System.Boolean)
FNDA:94,System.Void Ergo.Result`1::.ctor(T,System.Collections.Generic.IEnumerable`1<System.String>,System.Boolean)
DA:17,94
DA:18,94
DA:19,94
DA:20,94
LF:53
LH:53
BRF:24
BRH:24
FNF:12
FNH:12
end_of_record